10, [17/11/22] Birtley B(2) v Plough B(9) @ Birtley B
10, [17/11/22] Brandling B(4) v Saltwell Club(7) @ Brandling B
10, [17/11/22] Durham Ranger(6) v Azure Blue(5) @ Durham Ranger
10, [17/11/22] Eagle(4) v Travellers Rest A(7) @ Eagle
10, [17/11/22] Mallard A(11) v Top Bay Horse A(1) @ Mallard A
10, [17/11/22] Pelaw Inn(11) v Birtley A(1) @ Pelaw Inn
10, [17/11/22] Plough A(10) v Bye(12) @ Plough A
10, [17/11/22] Plough D(10) v Mallard B(12) @ Plough D
10, [17/11/22] Sky Lounge(6) v Corporation Club(5) @ Sky Lounge
10, [17/11/22] Top Bay Horse B(2) v Plough C(9) @ Top Bay Horse B
10, [17/11/22] Travellers Rest B(8) v Brandling A(3) @ Travellers Rest B
10, [17/11/22] William IV(8) v Nag's Head(3) @ William IV
1, [08/09/22] Birtley A(1) v Birtley B(2) @ Birtley A
1, [08/09/22] Brandling B(4) v Mallard A(11) @ Brandling B
1, [08/09/22] Bye(12) v Nag's Head(3) @ Bye
1, [08/09/22] Durham Ranger(6) v Plough C(9) @ Durham Ranger
1, [08/09/22] Eagle(4) v Pelaw Inn(11) @ Eagle
1, [08/09/22] Mallard B(12) v Brandling A(3) @ Mallard B
1, [08/09/22] Plough A(10) v Azure Blue(5) @ Plough A
1, [08/09/22] Plough D(10) v Corporation Club(5) @ Plough D
1, [08/09/22] Sky Lounge(6) v Plough B(9) @ Sky Lounge
1, [08/09/22] Top Bay Horse A(1) v Top Bay Horse B(2) @ Top Bay Horse A
1, [08/09/22] Travellers Rest B(8) v Travellers Rest A(7) @ Travellers Rest B
1, [08/09/22] William IV(8) v Saltwell Club(7) @ William IV
10 - Plough A[PLOA](Plough A)
10 - Plough D[PLOD](Plough D)
11, [24/11/22] Azure Blue(5) v William IV(8) @ Azure Blue
11, [24/11/22] Birtley A(1) v Mallard B(12) @ Birtley A
11, [24/11/22] Brandling A(3) v Plough D(10) @ Brandling A
11, [24/11/22] Corporation Club(5) v Travellers Rest B(8) @ Corporation Club
11, [24/11/22] Mallard A(11) v Top Bay Horse B(2) @ Mallard A
11, [24/11/22] Nag's Head(3) v Plough A(10) @ Nag's Head
11, [24/11/22] Pelaw Inn(11) v Birtley B(2) @ Pelaw Inn
11, [24/11/22] Plough B(9) v Eagle(4) @ Plough B
11, [24/11/22] Plough C(9) v Brandling B(4) @ Plough C
11, [24/11/22] Saltwell Club(7) v Durham Ranger(6) @ Saltwell Club
11, [24/11/22] Top Bay Horse A(1) v Bye(12) @ Top Bay Horse A
11, [24/11/22] Travellers Rest A(7) v Sky Lounge(6) @ Travellers Rest A
11 - Mallard A[MALA](Mallard A)
11 - Pelaw Inn[PEL](Pelaw Inn)
11 team: 
12, [08/12/22] Azure Blue(5) v Plough A(10) @ Azure Blue
12, [08/12/22] Birtley B(2) v Birtley A(1) @ Birtley B
12, [08/12/22] Brandling A(3) v Mallard B(12) @ Brandling A
12, [08/12/22] Corporation Club(5) v Plough D(10) @ Corporation Club
12, [08/12/22] Mallard A(11) v Brandling B(4) @ Mallard A
12, [08/12/22] Nag's Head(3) v Bye(12) @ Nag's Head
12, [08/12/22] Pelaw Inn(11) v Eagle(4) @ Pelaw Inn
12, [08/12/22] Plough B(9) v Sky Lounge(6) @ Plough B
12, [08/12/22] Plough C(9) v Durham Ranger(6) @ Plough C
12, [08/12/22] Saltwell Club(7) v William IV(8) @ Saltwell Club
12, [08/12/22] Top Bay Horse B(2) v Top Bay Horse A(1) @ Top Bay Horse B
12, [08/12/22] Travellers Rest A(7) v Travellers Rest B(8) @ Travellers Rest A
12 - Mallard B[MALB](Mallard B)
12 team: 
13, [15/12/22] Birtley A(1) v Brandling A(3) @ Birtley A
13, [15/12/22] Brandling B(4) v Top Bay Horse B(2) @ Brandling B
13, [15/12/22] Bye(12) v Azure Blue(5) @ Bye
13, [15/12/22] Durham Ranger(6) v Mallard A(11) @ Durham Ranger
13, [15/12/22] Eagle(4) v Birtley B(2) @ Eagle
13, [15/12/22] Mallard B(12) v Corporation Club(5) @ Mallard B
13, [15/12/22] Plough A(10) v Saltwell Club(7) @ Plough A
13, [15/12/22] Plough D(10) v Travellers Rest A(7) @ Plough D
13, [15/12/22] Sky Lounge(6) v Pelaw Inn(11) @ Sky Lounge
13, [15/12/22] Top Bay Horse A(1) v Nag's Head(3) @ Top Bay Horse A
13, [15/12/22] Travellers Rest B(8) v Plough B(9) @ Travellers Rest B
13, [15/12/22] William IV(8) v Plough C(9) @ William IV
14, [05/01/23] Azure Blue(5) v Nag's Head(3) @ Azure Blue
14, [05/01/23] Birtley B(2) v Sky Lounge(6) @ Birtley B
14, [05/01/23] Brandling B(4) v Top Bay Horse A(1) @ Brandling B
14, [05/01/23] Corporation Club(5) v Brandling A(3) @ Corporation Club
14, [05/01/23] Eagle(4) v Birtley A(1) @ Eagle
14, [05/01/23] Mallard A(11) v William IV(8) @ Mallard A
14, [05/01/23] Pelaw Inn(11) v Travellers Rest B(8) @ Pelaw Inn
14, [05/01/23] Plough B(9) v Plough D(10) @ Plough B
14, [05/01/23] Plough C(9) v Plough A(10) @ Plough C
14, [05/01/23] Saltwell Club(7) v Bye(12) @ Saltwell Club
14, [05/01/23] Top Bay Horse B(2) v Durham Ranger(6) @ Top Bay Horse B
14, [05/01/23] Travellers Rest A(7) v Mallard B(12) @ Travellers Rest A
15, [12/01/23] Birtley A(1) v Corporation Club(5) @ Birtley A
15, [12/01/23] Brandling A(3) v Travellers Rest A(7) @ Brandling A
15, [12/01/23] Bye(12) v Plough C(9) @ Bye
15, [12/01/23] Durham Ranger(6) v Brandling B(4) @ Durham Ranger
15, [12/01/23] Mallard B(12) v Plough B(9) @ Mallard B
15, [12/01/23] Nag's Head(3) v Saltwell Club(7) @ Nag's Head
15, [12/01/23] Plough A(10) v Mallard A(11) @ Plough A
15, [12/01/23] Plough D(10) v Pelaw Inn(11) @ Plough D
15, [12/01/23] Sky Lounge(6) v Eagle(4) @ Sky Lounge
15, [12/01/23] Top Bay Horse A(1) v Azure Blue(5) @ Top Bay Horse A
15, [12/01/23] Travellers Rest B(8) v Birtley B(2) @ Travellers Rest B
15, [12/01/23] William IV(8) v Top Bay Horse B(2) @ William IV
16, [26/01/23] Birtley B(2) v Plough D(10) @ Birtley B
16, [26/01/23] Brandling B(4) v William IV(8) @ Brandling B
16, [26/01/23] Durham Ranger(6) v Top Bay Horse A(1) @ Durham Ranger
16, [26/01/23] Eagle(4) v Travellers Rest B(8) @ Eagle
16, [26/01/23] Mallard A(11) v Bye(12) @ Mallard A
16, [26/01/23] Pelaw Inn(11) v Mallard B(12) @ Pelaw Inn
16, [26/01/23] Plough B(9) v Brandling A(3) @ Plough B
16, [26/01/23] Plough C(9) v Nag's Head(3) @ Plough C
16, [26/01/23] Saltwell Club(7) v Azure Blue(5) @ Saltwell Club
16, [26/01/23] Sky Lounge(6) v Birtley A(1) @ Sky Lounge
16, [26/01/23] Top Bay Horse B(2) v Plough A(10) @ Top Bay Horse B
16, [26/01/23] Travellers Rest A(7) v Corporation Club(5) @ Travellers Rest A
17, [02/02/23] Azure Blue(5) v Plough C(9) @ Azure Blue
17, [02/02/23] Birtley A(1) v Travellers Rest A(7) @ Birtley A
17, [02/02/23] Brandling A(3) v Pelaw Inn(11) @ Brandling A
17, [02/02/23] Bye(12) v Top Bay Horse B(2) @ Bye
17, [02/02/23] Corporation Club(5) v Plough B(9) @ Corporation Club
17, [02/02/23] Mallard B(12) v Birtley B(2) @ Mallard B
17, [02/02/23] Nag's Head(3) v Mallard A(11) @ Nag's Head
17, [02/02/23] Plough A(10) v Brandling B(4) @ Plough A
17, [02/02/23] Plough D(10) v Eagle(4) @ Plough D
17, [02/02/23] Top Bay Horse A(1) v Saltwell Club(7) @ Top Bay Horse A
17, [02/02/23] Travellers Rest B(8) v Sky Lounge(6) @ Travellers Rest B
17, [02/02/23] William IV(8) v Durham Ranger(6) @ William IV
18, [09/02/23] Birtley B(2) v Brandling A(3) @ Birtley B
18, [09/02/23] Brandling B(4) v Bye(12) @ Brandling B
18, [09/02/23] Durham Ranger(6) v Plough A(10) @ Durham Ranger
18, [09/02/23] Eagle(4) v Mallard B(12) @ Eagle
18, [09/02/23] Mallard A(11) v Azure Blue(5) @ Mallard A
18, [09/02/23] Pelaw Inn(11) v Corporation Club(5) @ Pelaw Inn
18, [09/02/23] Plough B(9) v Travellers Rest A(7) @ Plough B
18, [09/02/23] Plough C(9) v Saltwell Club(7) @ Plough C
18, [09/02/23] Sky Lounge(6) v Plough D(10) @ Sky Lounge
18, [09/02/23] Top Bay Horse B(2) v Nag's Head(3) @ Top Bay Horse B
18, [09/02/23] Travellers Rest B(8) v Birtley A(1) @ Travellers Rest B
18, [09/02/23] William IV(8) v Top Bay Horse A(1) @ William IV
19, [23/02/23] Azure Blue(5) v Top Bay Horse B(2) @ Azure Blue
19, [23/02/23] Birtley A(1) v Plough B(9) @ Birtley A
19, [23/02/23] Brandling A(3) v Eagle(4) @ Brandling A
19, [23/02/23] Bye(12) v Durham Ranger(6) @ Bye
19, [23/02/23] Corporation Club(5) v Birtley B(2) @ Corporation Club
19, [23/02/23] Mallard B(12) v Sky Lounge(6) @ Mallard B
19, [23/02/23] Nag's Head(3) v Brandling B(4) @ Nag's Head
19, [23/02/23] Plough A(10) v William IV(8) @ Plough A
19, [23/02/23] Plough D(10) v Travellers Rest B(8) @ Plough D
19, [23/02/23] Saltwell Club(7) v Mallard A(11) @ Saltwell Club
19, [23/02/23] Top Bay Horse A(1) v Plough C(9) @ Top Bay Horse A
19, [23/02/23] Travellers Rest A(7) v Pelaw Inn(11) @ Travellers Rest A
1 - Birtley A[BRTA](Birtley A)
1 - Top Bay Horse A[TBH](Top Bay Horse A)
20, [02/03/23] Birtley B(2) v Travellers Rest A(7) @ Birtley B
20, [02/03/23] Brandling B(4) v Azure Blue(5) @ Brandling B
20, [02/03/23] Durham Ranger(6) v Nag's Head(3) @ Durham Ranger
20, [02/03/23] Eagle(4) v Corporation Club(5) @ Eagle
20, [02/03/23] Mallard A(11) v Plough C(9) @ Mallard A
20, [02/03/23] Pelaw Inn(11) v Plough B(9) @ Pelaw Inn
20, [02/03/23] Plough A(10) v Top Bay Horse A(1) @ Plough A
20, [02/03/23] Plough D(10) v Birtley A(1) @ Plough D
20, [02/03/23] Sky Lounge(6) v Brandling A(3) @ Sky Lounge
20, [02/03/23] Top Bay Horse B(2) v Saltwell Club(7) @ Top Bay Horse B
20, [02/03/23] Travellers Rest B(8) v Mallard B(12) @ Travellers Rest B
20, [02/03/23] William IV(8) v Bye(12) @ William IV
21, [16/03/23] Azure Blue(5) v Durham Ranger(6) @ Azure Blue
21, [16/03/23] Birtley A(1) v Pelaw Inn(11) @ Birtley A
21, [16/03/23] Brandling A(3) v Travellers Rest B(8) @ Brandling A
21, [16/03/23] Bye(12) v Plough A(10) @ Bye
21, [16/03/23] Corporation Club(5) v Sky Lounge(6) @ Corporation Club
21, [16/03/23] Mallard B(12) v Plough D(10) @ Mallard B
21, [16/03/23] Nag's Head(3) v William IV(8) @ Nag's Head
21, [16/03/23] Plough B(9) v Birtley B(2) @ Plough B
21, [16/03/23] Plough C(9) v Top Bay Horse B(2) @ Plough C
21, [16/03/23] Saltwell Club(7) v Brandling B(4) @ Saltwell Club
21, [16/03/23] Top Bay Horse A(1) v Mallard A(11) @ Top Bay Horse A
21, [16/03/23] Travellers Rest A(7) v Eagle(4) @ Travellers Rest A
2, [15/09/22] Azure Blue(5) v Bye(12) @ Azure Blue
2, [15/09/22] Birtley B(2) v Eagle(4) @ Birtley B
2, [15/09/22] Brandling A(3) v Birtley A(1) @ Brandling A
2, [15/09/22] Corporation Club(5) v Mallard B(12) @ Corporation Club
2, [15/09/22] Mallard A(11) v Durham Ranger(6) @ Mallard A
2, [15/09/22] Nag's Head(3) v Top Bay Horse A(1) @ Nag's Head
2, [15/09/22] Pelaw Inn(11) v Sky Lounge(6) @ Pelaw Inn
2, [15/09/22] Plough B(9) v Travellers Rest B(8) @ Plough B
2, [15/09/22] Plough C(9) v William IV(8) @ Plough C
2, [15/09/22] Saltwell Club(7) v Plough A(10) @ Saltwell Club
2, [15/09/22] Top Bay Horse B(2) v Brandling B(4) @ Top Bay Horse B
2, [15/09/22] Travellers Rest A(7) v Plough D(10) @ Travellers Rest A
22, [30/03/23] Birtley B(2) v Pelaw Inn(11) @ Birtley B
22, [30/03/23] Brandling B(4) v Plough C(9) @ Brandling B
22, [30/03/23] Bye(12) v Top Bay Horse A(1) @ Bye
22, [30/03/23] Durham Ranger(6) v Saltwell Club(7) @ Durham Ranger
22, [30/03/23] Eagle(4) v Plough B(9) @ Eagle
22, [30/03/23] Mallard B(12) v Birtley A(1) @ Mallard B
22, [30/03/23] Plough A(10) v Nag's Head(3) @ Plough A
22, [30/03/23] Plough D(10) v Brandling A(3) @ Plough D
22, [30/03/23] Sky Lounge(6) v Travellers Rest A(7) @ Sky Lounge
22, [30/03/23] Top Bay Horse B(2) v Mallard A(11) @ Top Bay Horse B
22, [30/03/23] Travellers Rest B(8) v Corporation Club(5) @ Travellers Rest B
22, [30/03/23] William IV(8) v Azure Blue(5) @ William IV
23, [13/04/23] Birtley A(1) v Birtley B(2) @ Birtley A
23, [13/04/23] Brandling B(4) v Mallard A(11) @ Brandling B
23, [13/04/23] Bye(12) v Nag's Head(3) @ Bye
23, [13/04/23] Durham Ranger(6) v Plough C(9) @ Durham Ranger
23, [13/04/23] Eagle(4) v Pelaw Inn(11) @ Eagle
23, [13/04/23] Mallard B(12) v Brandling A(3) @ Mallard B
23, [13/04/23] Plough A(10) v Azure Blue(5) @ Plough A
23, [13/04/23] Plough D(10) v Corporation Club(5) @ Plough D
23, [13/04/23] Sky Lounge(6) v Plough B(9) @ Sky Lounge
23, [13/04/23] Top Bay Horse A(1) v Top Bay Horse B(2) @ Top Bay Horse A
23, [13/04/23] Travellers Rest B(8) v Travellers Rest A(7) @ Travellers Rest B
23, [13/04/23] William IV(8) v Saltwell Club(7) @ William IV
24, [20/04/23] Azure Blue(5) v Bye(12) @ Azure Blue
24, [20/04/23] Birtley B(2) v Eagle(4) @ Birtley B
24, [20/04/23] Brandling A(3) v Birtley A(1) @ Brandling A
24, [20/04/23] Corporation Club(5) v Mallard B(12) @ Corporation Club
24, [20/04/23] Mallard A(11) v Durham Ranger(6) @ Mallard A
24, [20/04/23] Nag's Head(3) v Top Bay Horse A(1) @ Nag's Head
24, [20/04/23] Pelaw Inn(11) v Sky Lounge(6) @ Pelaw Inn
24, [20/04/23] Plough B(9) v Travellers Rest B(8) @ Plough B
24, [20/04/23] Plough C(9) v William IV(8) @ Plough C
24, [20/04/23] Saltwell Club(7) v Plough A(10) @ Saltwell Club
24, [20/04/23] Top Bay Horse B(2) v Brandling B(4) @ Top Bay Horse B
24, [20/04/23] Travellers Rest A(7) v Plough D(10) @ Travellers Rest A
25, [04/05/23] Birtley A(1) v Eagle(4) @ Birtley A
25, [04/05/23] Brandling A(3) v Corporation Club(5) @ Brandling A
25, [04/05/23] Bye(12) v Saltwell Club(7) @ Bye
25, [04/05/23] Durham Ranger(6) v Top Bay Horse B(2) @ Durham Ranger
25, [04/05/23] Mallard B(12) v Travellers Rest A(7) @ Mallard B
25, [04/05/23] Nag's Head(3) v Azure Blue(5) @ Nag's Head
25, [04/05/23] Plough A(10) v Plough C(9) @ Plough A
25, [04/05/23] Plough D(10) v Plough B(9) @ Plough D
25, [04/05/23] Sky Lounge(6) v Birtley B(2) @ Sky Lounge
25, [04/05/23] Top Bay Horse A(1) v Brandling B(4) @ Top Bay Horse A
25, [04/05/23] Travellers Rest B(8) v Pelaw Inn(11) @ Travellers Rest B
25, [04/05/23] William IV(8) v Mallard A(11) @ William IV
26, [11/05/23] Azure Blue(5) v Top Bay Horse A(1) @ Azure Blue
26, [11/05/23] Birtley B(2) v Travellers Rest B(8) @ Birtley B
26, [11/05/23] Brandling B(4) v Durham Ranger(6) @ Brandling B
26, [11/05/23] Corporation Club(5) v Birtley A(1) @ Corporation Club
26, [11/05/23] Eagle(4) v Sky Lounge(6) @ Eagle
26, [11/05/23] Mallard A(11) v Plough A(10) @ Mallard A
26, [11/05/23] Pelaw Inn(11) v Plough D(10) @ Pelaw Inn
26, [11/05/23] Plough B(9) v Mallard B(12) @ Plough B
26, [11/05/23] Plough C(9) v Bye(12) @ Plough C
26, [11/05/23] Saltwell Club(7) v Nag's Head(3) @ Saltwell Club
26, [11/05/23] Top Bay Horse B(2) v William IV(8) @ Top Bay Horse B
26, [11/05/23] Travellers Rest A(7) v Brandling A(3) @ Travellers Rest A
27, [25/05/23] Azure Blue(5) v Saltwell Club(7) @ Azure Blue
27, [25/05/23] Birtley A(1) v Sky Lounge(6) @ Birtley A
27, [25/05/23] Brandling A(3) v Plough B(9) @ Brandling A
27, [25/05/23] Bye(12) v Mallard A(11) @ Bye
27, [25/05/23] Corporation Club(5) v Travellers Rest A(7) @ Corporation Club
27, [25/05/23] Mallard B(12) v Pelaw Inn(11) @ Mallard B
27, [25/05/23] Nag's Head(3) v Plough C(9) @ Nag's Head
27, [25/05/23] Plough A(10) v Top Bay Horse B(2) @ Plough A
27, [25/05/23] Plough D(10) v Birtley B(2) @ Plough D
27, [25/05/23] Top Bay Horse A(1) v Durham Ranger(6) @ Top Bay Horse A
27, [25/05/23] Travellers Rest B(8) v Eagle(4) @ Travellers Rest B
27, [25/05/23] William IV(8) v Brandling B(4) @ William IV
28, [01/06/23] Birtley B(2) v Mallard B(12) @ Birtley B
28, [01/06/23] Brandling B(4) v Plough A(10) @ Brandling B
28, [01/06/23] Durham Ranger(6) v William IV(8) @ Durham Ranger
28, [01/06/23] Eagle(4) v Plough D(10) @ Eagle
28, [01/06/23] Mallard A(11) v Nag's Head(3) @ Mallard A
28, [01/06/23] Pelaw Inn(11) v Brandling A(3) @ Pelaw Inn
28, [01/06/23] Plough B(9) v Corporation Club(5) @ Plough B
28, [01/06/23] Plough C(9) v Azure Blue(5) @ Plough C
28, [01/06/23] Saltwell Club(7) v Top Bay Horse A(1) @ Saltwell Club
28, [01/06/23] Sky Lounge(6) v Travellers Rest B(8) @ Sky Lounge
28, [01/06/23] Top Bay Horse B(2) v Bye(12) @ Top Bay Horse B
28, [01/06/23] Travellers Rest A(7) v Birtley A(1) @ Travellers Rest A
29, [15/06/23] Azure Blue(5) v Mallard A(11) @ Azure Blue
29, [15/06/23] Birtley A(1) v Travellers Rest B(8) @ Birtley A
29, [15/06/23] Brandling A(3) v Birtley B(2) @ Brandling A
29, [15/06/23] Bye(12) v Brandling B(4) @ Bye
29, [15/06/23] Corporation Club(5) v Pelaw Inn(11) @ Corporation Club
29, [15/06/23] Mallard B(12) v Eagle(4) @ Mallard B
29, [15/06/23] Nag's Head(3) v Top Bay Horse B(2) @ Nag's Head
29, [15/06/23] Plough A(10) v Durham Ranger(6) @ Plough A
29, [15/06/23] Plough D(10) v Sky Lounge(6) @ Plough D
29, [15/06/23] Saltwell Club(7) v Plough C(9) @ Saltwell Club
29, [15/06/23] Top Bay Horse A(1) v William IV(8) @ Top Bay Horse A
29, [15/06/23] Travellers Rest A(7) v Plough B(9) @ Travellers Rest A
2 - Birtley B[BRTC](Birtley B)
2 - Top Bay Horse B[FID](Top Bay Horse B)
30, [22/06/23] Birtley B(2) v Corporation Club(5) @ Birtley B
30, [22/06/23] Brandling B(4) v Nag's Head(3) @ Brandling B
30, [22/06/23] Durham Ranger(6) v Bye(12) @ Durham Ranger
30, [22/06/23] Eagle(4) v Brandling A(3) @ Eagle
30, [22/06/23] Mallard A(11) v Saltwell Club(7) @ Mallard A
30, [22/06/23] Pelaw Inn(11) v Travellers Rest A(7) @ Pelaw Inn
30, [22/06/23] Plough B(9) v Birtley A(1) @ Plough B
30, [22/06/23] Plough C(9) v Top Bay Horse A(1) @ Plough C
30, [22/06/23] Sky Lounge(6) v Mallard B(12) @ Sky Lounge
30, [22/06/23] Top Bay Horse B(2) v Azure Blue(5) @ Top Bay Horse B
30, [22/06/23] Travellers Rest B(8) v Plough D(10) @ Travellers Rest B
30, [22/06/23] William IV(8) v Plough A(10) @ William IV
31, [06/07/23] Azure Blue(5) v Brandling B(4) @ Azure Blue
31, [06/07/23] Birtley A(1) v Plough D(10) @ Birtley A
31, [06/07/23] Brandling A(3) v Sky Lounge(6) @ Brandling A
31, [06/07/23] Bye(12) v William IV(8) @ Bye
31, [06/07/23] Corporation Club(5) v Eagle(4) @ Corporation Club
31, [06/07/23] Mallard B(12) v Travellers Rest B(8) @ Mallard B
31, [06/07/23] Nag's Head(3) v Durham Ranger(6) @ Nag's Head
31, [06/07/23] Plough B(9) v Pelaw Inn(11) @ Plough B
31, [06/07/23] Plough C(9) v Mallard A(11) @ Plough C
31, [06/07/23] Saltwell Club(7) v Top Bay Horse B(2) @ Saltwell Club
31, [06/07/23] Top Bay Horse A(1) v Plough A(10) @ Top Bay Horse A
31, [06/07/23] Travellers Rest A(7) v Birtley B(2) @ Travellers Rest A
32, [13/07/23] Birtley B(2) v Plough B(9) @ Birtley B
32, [13/07/23] Brandling B(4) v Saltwell Club(7) @ Brandling B
32, [13/07/23] Durham Ranger(6) v Azure Blue(5) @ Durham Ranger
32, [13/07/23] Eagle(4) v Travellers Rest A(7) @ Eagle
32, [13/07/23] Mallard A(11) v Top Bay Horse A(1) @ Mallard A
32, [13/07/23] Pelaw Inn(11) v Birtley A(1) @ Pelaw Inn
32, [13/07/23] Plough A(10) v Bye(12) @ Plough A
32, [13/07/23] Plough D(10) v Mallard B(12) @ Plough D
32, [13/07/23] Sky Lounge(6) v Corporation Club(5) @ Sky Lounge
32, [13/07/23] Top Bay Horse B(2) v Plough C(9) @ Top Bay Horse B
32, [13/07/23] Travellers Rest B(8) v Brandling A(3) @ Travellers Rest B
32, [13/07/23] William IV(8) v Nag's Head(3) @ William IV
3, [22/09/22] Birtley A(1) v Eagle(4) @ Birtley A
3, [22/09/22] Brandling A(3) v Corporation Club(5) @ Brandling A
3, [22/09/22] Bye(12) v Saltwell Club(7) @ Bye
3, [22/09/22] Durham Ranger(6) v Top Bay Horse B(2) @ Durham Ranger
3, [22/09/22] Mallard B(12) v Travellers Rest A(7) @ Mallard B
3, [22/09/22] Nag's Head(3) v Azure Blue(5) @ Nag's Head
3, [22/09/22] Plough A(10) v Plough C(9) @ Plough A
3, [22/09/22] Plough D(10) v Plough B(9) @ Plough D
3, [22/09/22] Sky Lounge(6) v Birtley B(2) @ Sky Lounge
3, [22/09/22] Top Bay Horse A(1) v Brandling B(4) @ Top Bay Horse A
3, [22/09/22] Travellers Rest B(8) v Pelaw Inn(11) @ Travellers Rest B
3, [22/09/22] William IV(8) v Mallard A(11) @ William IV
33, [20/07/23] Azure Blue(5) v William IV(8) @ Azure Blue
33, [20/07/23] Birtley A(1) v Mallard B(12) @ Birtley A
33, [20/07/23] Brandling A(3) v Plough D(10) @ Brandling A
33, [20/07/23] Corporation Club(5) v Travellers Rest B(8) @ Corporation Club
33, [20/07/23] Mallard A(11) v Top Bay Horse B(2) @ Mallard A
33, [20/07/23] Nag's Head(3) v Plough A(10) @ Nag's Head
33, [20/07/23] Pelaw Inn(11) v Birtley B(2) @ Pelaw Inn
33, [20/07/23] Plough B(9) v Eagle(4) @ Plough B
33, [20/07/23] Plough C(9) v Brandling B(4) @ Plough C
33, [20/07/23] Saltwell Club(7) v Durham Ranger(6) @ Saltwell Club
33, [20/07/23] Top Bay Horse A(1) v Bye(12) @ Top Bay Horse A
33, [20/07/23] Travellers Rest A(7) v Sky Lounge(6) @ Travellers Rest A
3 - Brandling A[BRNA](Brandling A)
3 - Nag's Head[NGH](Nag's Head)
4, [29/09/22] Azure Blue(5) v Top Bay Horse A(1) @ Azure Blue
4, [29/09/22] Birtley B(2) v Travellers Rest B(8) @ Birtley B
4, [29/09/22] Brandling B(4) v Durham Ranger(6) @ Brandling B
4, [29/09/22] Corporation Club(5) v Birtley A(1) @ Corporation Club
4, [29/09/22] Eagle(4) v Sky Lounge(6) @ Eagle
4, [29/09/22] Mallard A(11) v Plough A(10) @ Mallard A
4, [29/09/22] Pelaw Inn(11) v Plough D(10) @ Pelaw Inn
4, [29/09/22] Plough B(9) v Mallard B(12) @ Plough B
4, [29/09/22] Plough C(9) v Bye(12) @ Plough C
4, [29/09/22] Saltwell Club(7) v Nag's Head(3) @ Saltwell Club
4, [29/09/22] Top Bay Horse B(2) v William IV(8) @ Top Bay Horse B
4, [29/09/22] Travellers Rest A(7) v Brandling A(3) @ Travellers Rest A
4 - Brandling B[BRNB](Brandling B)
4 - Eagle[EAG](Eagle)
5, [06/10/22] Azure Blue(5) v Saltwell Club(7) @ Azure Blue
5, [06/10/22] Birtley A(1) v Sky Lounge(6) @ Birtley A
5, [06/10/22] Brandling A(3) v Plough B(9) @ Brandling A
5, [06/10/22] Bye(12) v Mallard A(11) @ Bye
5, [06/10/22] Corporation Club(5) v Travellers Rest A(7) @ Corporation Club
5, [06/10/22] Mallard B(12) v Pelaw Inn(11) @ Mallard B
5, [06/10/22] Nag's Head(3) v Plough C(9) @ Nag's Head
5, [06/10/22] Plough A(10) v Top Bay Horse B(2) @ Plough A
5, [06/10/22] Plough D(10) v Birtley B(2) @ Plough D
5, [06/10/22] Top Bay Horse A(1) v Durham Ranger(6) @ Top Bay Horse A
5, [06/10/22] Travellers Rest B(8) v Eagle(4) @ Travellers Rest B
5, [06/10/22] William IV(8) v Brandling B(4) @ William IV
5 - Azure Blue[AZB](Azure Blue)
5 - Corporation Club[COR](Corporation Club)
6, [13/10/22] Birtley B(2) v Mallard B(12) @ Birtley B
6, [13/10/22] Brandling B(4) v Plough A(10) @ Brandling B
6, [13/10/22] Durham Ranger(6) v William IV(8) @ Durham Ranger
6, [13/10/22] Eagle(4) v Plough D(10) @ Eagle
6, [13/10/22] Mallard A(11) v Nag's Head(3) @ Mallard A
6, [13/10/22] Pelaw Inn(11) v Brandling A(3) @ Pelaw Inn
6, [13/10/22] Plough B(9) v Corporation Club(5) @ Plough B
6, [13/10/22] Plough C(9) v Azure Blue(5) @ Plough C
6, [13/10/22] Saltwell Club(7) v Top Bay Horse A(1) @ Saltwell Club
6, [13/10/22] Sky Lounge(6) v Travellers Rest B(8) @ Sky Lounge
6, [13/10/22] Top Bay Horse B(2) v Bye(12) @ Top Bay Horse B
6, [13/10/22] Travellers Rest A(7) v Birtley A(1) @ Travellers Rest A
6 - Durham Ranger[RAN](Durham Ranger)
6 - Sky Lounge[SKY](Sky Lounge)
7, [20/10/22] Azure Blue(5) v Mallard A(11) @ Azure Blue
7, [20/10/22] Birtley A(1) v Travellers Rest B(8) @ Birtley A
7, [20/10/22] Brandling A(3) v Birtley B(2) @ Brandling A
7, [20/10/22] Bye(12) v Brandling B(4) @ Bye
7, [20/10/22] Corporation Club(5) v Pelaw Inn(11) @ Corporation Club
7, [20/10/22] Mallard B(12) v Eagle(4) @ Mallard B
7, [20/10/22] Nag's Head(3) v Top Bay Horse B(2) @ Nag's Head
7, [20/10/22] Plough A(10) v Durham Ranger(6) @ Plough A
7, [20/10/22] Plough D(10) v Sky Lounge(6) @ Plough D
7, [20/10/22] Saltwell Club(7) v Plough C(9) @ Saltwell Club
7, [20/10/22] Top Bay Horse A(1) v William IV(8) @ Top Bay Horse A
7, [20/10/22] Travellers Rest A(7) v Plough B(9) @ Travellers Rest A
7 - Saltwell Club[STL](Saltwell Club)
7 - Travellers Rest A[TR](Travellers Rest A)
8, [27/10/22] Birtley B(2) v Corporation Club(5) @ Birtley B
8, [27/10/22] Brandling B(4) v Nag's Head(3) @ Brandling B
8, [27/10/22] Durham Ranger(6) v Bye(12) @ Durham Ranger
8, [27/10/22] Eagle(4) v Brandling A(3) @ Eagle
8, [27/10/22] Mallard A(11) v Saltwell Club(7) @ Mallard A
8, [27/10/22] Pelaw Inn(11) v Travellers Rest A(7) @ Pelaw Inn
8, [27/10/22] Plough B(9) v Birtley A(1) @ Plough B
8, [27/10/22] Plough C(9) v Top Bay Horse A(1) @ Plough C
8, [27/10/22] Sky Lounge(6) v Mallard B(12) @ Sky Lounge
8, [27/10/22] Top Bay Horse B(2) v Azure Blue(5) @ Top Bay Horse B
8, [27/10/22] Travellers Rest B(8) v Plough D(10) @ Travellers Rest B
8, [27/10/22] William IV(8) v Plough A(10) @ William IV
8 - Travellers Rest B[PLOC](Travellers Rest B)
8 - William IV[WIV](William IV)
9, [10/11/22] Azure Blue(5) v Brandling B(4) @ Azure Blue
9, [10/11/22] Birtley A(1) v Plough D(10) @ Birtley A
9, [10/11/22] Brandling A(3) v Sky Lounge(6) @ Brandling A
9, [10/11/22] Bye(12) v William IV(8) @ Bye
9, [10/11/22] Corporation Club(5) v Eagle(4) @ Corporation Club
9, [10/11/22] Mallard B(12) v Travellers Rest B(8) @ Mallard B
9, [10/11/22] Nag's Head(3) v Durham Ranger(6) @ Nag's Head
9, [10/11/22] Plough B(9) v Pelaw Inn(11) @ Plough B
9, [10/11/22] Plough C(9) v Mallard A(11) @ Plough C
9, [10/11/22] Saltwell Club(7) v Top Bay Horse B(2) @ Saltwell Club
9, [10/11/22] Top Bay Horse A(1) v Plough A(10) @ Top Bay Horse A
9, [10/11/22] Travellers Rest A(7) v Birtley B(2) @ Travellers Rest A
9 - Plough B[PLOB](Plough B)
9 - Plough C[PLOE](Plough C)
Division - D1
Division - D2
Start time - 20:00
Start time - 20:00
Using matrix for 12 teams
Using matrix for 12 teams
