Division - D1
Start time - 20:00
12 team: 
1 - Birtley A[BRTA](Birtley A)
2 - Birtley B[BRTC](Birtley B)
3 - Brandling A[BRNA](Brandling A)
4 - Eagle[EAG](Eagle)
5 - Corporation Club[COR](Corporation Club)
6 - Sky Lounge[SKY](Sky Lounge)
7 - Travellers Rest A[TR](Travellers Rest A)
8 - Travellers Rest B[PLOC](Travellers Rest B)
9 - Plough B[PLOB](Plough B)
10 - Plough D[PLOD](Plough D)
11 - Pelaw Inn[PEL](Pelaw Inn)
12 - Mallard B[MALB](Mallard B)
Using matrix for 12 teams
1, [08/09/22] Birtley A(1) v Birtley B(2) @ Birtley A
1, [08/09/22] Eagle(4) v Pelaw Inn(11) @ Eagle
1, [08/09/22] Sky Lounge(6) v Plough B(9) @ Sky Lounge
1, [08/09/22] Travellers Rest B(8) v Travellers Rest A(7) @ Travellers Rest B
1, [08/09/22] Plough D(10) v Corporation Club(5) @ Plough D
1, [08/09/22] Mallard B(12) v Brandling A(3) @ Mallard B
2, [15/09/22] Birtley B(2) v Eagle(4) @ Birtley B
2, [15/09/22] Brandling A(3) v Birtley A(1) @ Brandling A
2, [15/09/22] Corporation Club(5) v Mallard B(12) @ Corporation Club
2, [15/09/22] Travellers Rest A(7) v Plough D(10) @ Travellers Rest A
2, [15/09/22] Plough B(9) v Travellers Rest B(8) @ Plough B
2, [15/09/22] Pelaw Inn(11) v Sky Lounge(6) @ Pelaw Inn
3, [22/09/22] Birtley A(1) v Eagle(4) @ Birtley A
3, [22/09/22] Brandling A(3) v Corporation Club(5) @ Brandling A
3, [22/09/22] Sky Lounge(6) v Birtley B(2) @ Sky Lounge
3, [22/09/22] Travellers Rest B(8) v Pelaw Inn(11) @ Travellers Rest B
3, [22/09/22] Plough D(10) v Plough B(9) @ Plough D
3, [22/09/22] Mallard B(12) v Travellers Rest A(7) @ Mallard B
4, [29/09/22] Birtley B(2) v Travellers Rest B(8) @ Birtley B
4, [29/09/22] Eagle(4) v Sky Lounge(6) @ Eagle
4, [29/09/22] Corporation Club(5) v Birtley A(1) @ Corporation Club
4, [29/09/22] Travellers Rest A(7) v Brandling A(3) @ Travellers Rest A
4, [29/09/22] Plough B(9) v Mallard B(12) @ Plough B
4, [29/09/22] Pelaw Inn(11) v Plough D(10) @ Pelaw Inn
5, [06/10/22] Birtley A(1) v Sky Lounge(6) @ Birtley A
5, [06/10/22] Brandling A(3) v Plough B(9) @ Brandling A
5, [06/10/22] Corporation Club(5) v Travellers Rest A(7) @ Corporation Club
5, [06/10/22] Travellers Rest B(8) v Eagle(4) @ Travellers Rest B
5, [06/10/22] Plough D(10) v Birtley B(2) @ Plough D
5, [06/10/22] Mallard B(12) v Pelaw Inn(11) @ Mallard B
6, [13/10/22] Birtley B(2) v Mallard B(12) @ Birtley B
6, [13/10/22] Eagle(4) v Plough D(10) @ Eagle
6, [13/10/22] Sky Lounge(6) v Travellers Rest B(8) @ Sky Lounge
6, [13/10/22] Travellers Rest A(7) v Birtley A(1) @ Travellers Rest A
6, [13/10/22] Plough B(9) v Corporation Club(5) @ Plough B
6, [13/10/22] Pelaw Inn(11) v Brandling A(3) @ Pelaw Inn
7, [20/10/22] Birtley A(1) v Travellers Rest B(8) @ Birtley A
7, [20/10/22] Brandling A(3) v Birtley B(2) @ Brandling A
7, [20/10/22] Corporation Club(5) v Pelaw Inn(11) @ Corporation Club
7, [20/10/22] Travellers Rest A(7) v Plough B(9) @ Travellers Rest A
7, [20/10/22] Plough D(10) v Sky Lounge(6) @ Plough D
7, [20/10/22] Mallard B(12) v Eagle(4) @ Mallard B
8, [27/10/22] Birtley B(2) v Corporation Club(5) @ Birtley B
8, [27/10/22] Eagle(4) v Brandling A(3) @ Eagle
8, [27/10/22] Sky Lounge(6) v Mallard B(12) @ Sky Lounge
8, [27/10/22] Travellers Rest B(8) v Plough D(10) @ Travellers Rest B
8, [27/10/22] Plough B(9) v Birtley A(1) @ Plough B
8, [27/10/22] Pelaw Inn(11) v Travellers Rest A(7) @ Pelaw Inn
9, [10/11/22] Birtley A(1) v Plough D(10) @ Birtley A
9, [10/11/22] Brandling A(3) v Sky Lounge(6) @ Brandling A
9, [10/11/22] Corporation Club(5) v Eagle(4) @ Corporation Club
9, [10/11/22] Travellers Rest A(7) v Birtley B(2) @ Travellers Rest A
9, [10/11/22] Plough B(9) v Pelaw Inn(11) @ Plough B
9, [10/11/22] Mallard B(12) v Travellers Rest B(8) @ Mallard B
10, [17/11/22] Birtley B(2) v Plough B(9) @ Birtley B
10, [17/11/22] Eagle(4) v Travellers Rest A(7) @ Eagle
10, [17/11/22] Sky Lounge(6) v Corporation Club(5) @ Sky Lounge
10, [17/11/22] Travellers Rest B(8) v Brandling A(3) @ Travellers Rest B
10, [17/11/22] Plough D(10) v Mallard B(12) @ Plough D
10, [17/11/22] Pelaw Inn(11) v Birtley A(1) @ Pelaw Inn
11, [24/11/22] Birtley A(1) v Mallard B(12) @ Birtley A
11, [24/11/22] Brandling A(3) v Plough D(10) @ Brandling A
11, [24/11/22] Corporation Club(5) v Travellers Rest B(8) @ Corporation Club
11, [24/11/22] Travellers Rest A(7) v Sky Lounge(6) @ Travellers Rest A
11, [24/11/22] Plough B(9) v Eagle(4) @ Plough B
11, [24/11/22] Pelaw Inn(11) v Birtley B(2) @ Pelaw Inn
12, [08/12/22] Birtley B(2) v Birtley A(1) @ Birtley B
12, [08/12/22] Brandling A(3) v Mallard B(12) @ Brandling A
12, [08/12/22] Corporation Club(5) v Plough D(10) @ Corporation Club
12, [08/12/22] Travellers Rest A(7) v Travellers Rest B(8) @ Travellers Rest A
12, [08/12/22] Plough B(9) v Sky Lounge(6) @ Plough B
12, [08/12/22] Pelaw Inn(11) v Eagle(4) @ Pelaw Inn
13, [15/12/22] Birtley A(1) v Brandling A(3) @ Birtley A
13, [15/12/22] Eagle(4) v Birtley B(2) @ Eagle
13, [15/12/22] Sky Lounge(6) v Pelaw Inn(11) @ Sky Lounge
13, [15/12/22] Travellers Rest B(8) v Plough B(9) @ Travellers Rest B
13, [15/12/22] Plough D(10) v Travellers Rest A(7) @ Plough D
13, [15/12/22] Mallard B(12) v Corporation Club(5) @ Mallard B
14, [05/01/23] Birtley B(2) v Sky Lounge(6) @ Birtley B
14, [05/01/23] Eagle(4) v Birtley A(1) @ Eagle
14, [05/01/23] Corporation Club(5) v Brandling A(3) @ Corporation Club
14, [05/01/23] Travellers Rest A(7) v Mallard B(12) @ Travellers Rest A
14, [05/01/23] Plough B(9) v Plough D(10) @ Plough B
14, [05/01/23] Pelaw Inn(11) v Travellers Rest B(8) @ Pelaw Inn
15, [12/01/23] Birtley A(1) v Corporation Club(5) @ Birtley A
15, [12/01/23] Brandling A(3) v Travellers Rest A(7) @ Brandling A
15, [12/01/23] Sky Lounge(6) v Eagle(4) @ Sky Lounge
15, [12/01/23] Travellers Rest B(8) v Birtley B(2) @ Travellers Rest B
15, [12/01/23] Plough D(10) v Pelaw Inn(11) @ Plough D
15, [12/01/23] Mallard B(12) v Plough B(9) @ Mallard B
16, [26/01/23] Birtley B(2) v Plough D(10) @ Birtley B
16, [26/01/23] Eagle(4) v Travellers Rest B(8) @ Eagle
16, [26/01/23] Sky Lounge(6) v Birtley A(1) @ Sky Lounge
16, [26/01/23] Travellers Rest A(7) v Corporation Club(5) @ Travellers Rest A
16, [26/01/23] Plough B(9) v Brandling A(3) @ Plough B
16, [26/01/23] Pelaw Inn(11) v Mallard B(12) @ Pelaw Inn
17, [02/02/23] Birtley A(1) v Travellers Rest A(7) @ Birtley A
17, [02/02/23] Brandling A(3) v Pelaw Inn(11) @ Brandling A
17, [02/02/23] Corporation Club(5) v Plough B(9) @ Corporation Club
17, [02/02/23] Travellers Rest B(8) v Sky Lounge(6) @ Travellers Rest B
17, [02/02/23] Plough D(10) v Eagle(4) @ Plough D
17, [02/02/23] Mallard B(12) v Birtley B(2) @ Mallard B
18, [09/02/23] Birtley B(2) v Brandling A(3) @ Birtley B
18, [09/02/23] Eagle(4) v Mallard B(12) @ Eagle
18, [09/02/23] Sky Lounge(6) v Plough D(10) @ Sky Lounge
18, [09/02/23] Travellers Rest B(8) v Birtley A(1) @ Travellers Rest B
18, [09/02/23] Plough B(9) v Travellers Rest A(7) @ Plough B
18, [09/02/23] Pelaw Inn(11) v Corporation Club(5) @ Pelaw Inn
19, [23/02/23] Birtley A(1) v Plough B(9) @ Birtley A
19, [23/02/23] Brandling A(3) v Eagle(4) @ Brandling A
19, [23/02/23] Corporation Club(5) v Birtley B(2) @ Corporation Club
19, [23/02/23] Travellers Rest A(7) v Pelaw Inn(11) @ Travellers Rest A
19, [23/02/23] Plough D(10) v Travellers Rest B(8) @ Plough D
19, [23/02/23] Mallard B(12) v Sky Lounge(6) @ Mallard B
20, [02/03/23] Birtley B(2) v Travellers Rest A(7) @ Birtley B
20, [02/03/23] Eagle(4) v Corporation Club(5) @ Eagle
20, [02/03/23] Sky Lounge(6) v Brandling A(3) @ Sky Lounge
20, [02/03/23] Travellers Rest B(8) v Mallard B(12) @ Travellers Rest B
20, [02/03/23] Plough D(10) v Birtley A(1) @ Plough D
20, [02/03/23] Pelaw Inn(11) v Plough B(9) @ Pelaw Inn
21, [16/03/23] Birtley A(1) v Pelaw Inn(11) @ Birtley A
21, [16/03/23] Brandling A(3) v Travellers Rest B(8) @ Brandling A
21, [16/03/23] Corporation Club(5) v Sky Lounge(6) @ Corporation Club
21, [16/03/23] Travellers Rest A(7) v Eagle(4) @ Travellers Rest A
21, [16/03/23] Plough B(9) v Birtley B(2) @ Plough B
21, [16/03/23] Mallard B(12) v Plough D(10) @ Mallard B
22, [30/03/23] Birtley B(2) v Pelaw Inn(11) @ Birtley B
22, [30/03/23] Eagle(4) v Plough B(9) @ Eagle
22, [30/03/23] Sky Lounge(6) v Travellers Rest A(7) @ Sky Lounge
22, [30/03/23] Travellers Rest B(8) v Corporation Club(5) @ Travellers Rest B
22, [30/03/23] Plough D(10) v Brandling A(3) @ Plough D
22, [30/03/23] Mallard B(12) v Birtley A(1) @ Mallard B
23, [13/04/23] Birtley A(1) v Birtley B(2) @ Birtley A
23, [13/04/23] Eagle(4) v Pelaw Inn(11) @ Eagle
23, [13/04/23] Sky Lounge(6) v Plough B(9) @ Sky Lounge
23, [13/04/23] Travellers Rest B(8) v Travellers Rest A(7) @ Travellers Rest B
23, [13/04/23] Plough D(10) v Corporation Club(5) @ Plough D
23, [13/04/23] Mallard B(12) v Brandling A(3) @ Mallard B
24, [20/04/23] Birtley B(2) v Eagle(4) @ Birtley B
24, [20/04/23] Brandling A(3) v Birtley A(1) @ Brandling A
24, [20/04/23] Corporation Club(5) v Mallard B(12) @ Corporation Club
24, [20/04/23] Travellers Rest A(7) v Plough D(10) @ Travellers Rest A
24, [20/04/23] Plough B(9) v Travellers Rest B(8) @ Plough B
24, [20/04/23] Pelaw Inn(11) v Sky Lounge(6) @ Pelaw Inn
25, [04/05/23] Birtley A(1) v Eagle(4) @ Birtley A
25, [04/05/23] Brandling A(3) v Corporation Club(5) @ Brandling A
25, [04/05/23] Sky Lounge(6) v Birtley B(2) @ Sky Lounge
25, [04/05/23] Travellers Rest B(8) v Pelaw Inn(11) @ Travellers Rest B
25, [04/05/23] Plough D(10) v Plough B(9) @ Plough D
25, [04/05/23] Mallard B(12) v Travellers Rest A(7) @ Mallard B
26, [11/05/23] Birtley B(2) v Travellers Rest B(8) @ Birtley B
26, [11/05/23] Eagle(4) v Sky Lounge(6) @ Eagle
26, [11/05/23] Corporation Club(5) v Birtley A(1) @ Corporation Club
26, [11/05/23] Travellers Rest A(7) v Brandling A(3) @ Travellers Rest A
26, [11/05/23] Plough B(9) v Mallard B(12) @ Plough B
26, [11/05/23] Pelaw Inn(11) v Plough D(10) @ Pelaw Inn
27, [25/05/23] Birtley A(1) v Sky Lounge(6) @ Birtley A
27, [25/05/23] Brandling A(3) v Plough B(9) @ Brandling A
27, [25/05/23] Corporation Club(5) v Travellers Rest A(7) @ Corporation Club
27, [25/05/23] Travellers Rest B(8) v Eagle(4) @ Travellers Rest B
27, [25/05/23] Plough D(10) v Birtley B(2) @ Plough D
27, [25/05/23] Mallard B(12) v Pelaw Inn(11) @ Mallard B
28, [01/06/23] Birtley B(2) v Mallard B(12) @ Birtley B
28, [01/06/23] Eagle(4) v Plough D(10) @ Eagle
28, [01/06/23] Sky Lounge(6) v Travellers Rest B(8) @ Sky Lounge
28, [01/06/23] Travellers Rest A(7) v Birtley A(1) @ Travellers Rest A
28, [01/06/23] Plough B(9) v Corporation Club(5) @ Plough B
28, [01/06/23] Pelaw Inn(11) v Brandling A(3) @ Pelaw Inn
29, [15/06/23] Birtley A(1) v Travellers Rest B(8) @ Birtley A
29, [15/06/23] Brandling A(3) v Birtley B(2) @ Brandling A
29, [15/06/23] Corporation Club(5) v Pelaw Inn(11) @ Corporation Club
29, [15/06/23] Travellers Rest A(7) v Plough B(9) @ Travellers Rest A
29, [15/06/23] Plough D(10) v Sky Lounge(6) @ Plough D
29, [15/06/23] Mallard B(12) v Eagle(4) @ Mallard B
30, [22/06/23] Birtley B(2) v Corporation Club(5) @ Birtley B
30, [22/06/23] Eagle(4) v Brandling A(3) @ Eagle
30, [22/06/23] Sky Lounge(6) v Mallard B(12) @ Sky Lounge
30, [22/06/23] Travellers Rest B(8) v Plough D(10) @ Travellers Rest B
30, [22/06/23] Plough B(9) v Birtley A(1) @ Plough B
30, [22/06/23] Pelaw Inn(11) v Travellers Rest A(7) @ Pelaw Inn
31, [06/07/23] Birtley A(1) v Plough D(10) @ Birtley A
31, [06/07/23] Brandling A(3) v Sky Lounge(6) @ Brandling A
31, [06/07/23] Corporation Club(5) v Eagle(4) @ Corporation Club
31, [06/07/23] Travellers Rest A(7) v Birtley B(2) @ Travellers Rest A
31, [06/07/23] Plough B(9) v Pelaw Inn(11) @ Plough B
31, [06/07/23] Mallard B(12) v Travellers Rest B(8) @ Mallard B
32, [13/07/23] Birtley B(2) v Plough B(9) @ Birtley B
32, [13/07/23] Eagle(4) v Travellers Rest A(7) @ Eagle
32, [13/07/23] Sky Lounge(6) v Corporation Club(5) @ Sky Lounge
32, [13/07/23] Travellers Rest B(8) v Brandling A(3) @ Travellers Rest B
32, [13/07/23] Plough D(10) v Mallard B(12) @ Plough D
32, [13/07/23] Pelaw Inn(11) v Birtley A(1) @ Pelaw Inn
33, [20/07/23] Birtley A(1) v Mallard B(12) @ Birtley A
33, [20/07/23] Brandling A(3) v Plough D(10) @ Brandling A
33, [20/07/23] Corporation Club(5) v Travellers Rest B(8) @ Corporation Club
33, [20/07/23] Travellers Rest A(7) v Sky Lounge(6) @ Travellers Rest A
33, [20/07/23] Plough B(9) v Eagle(4) @ Plough B
33, [20/07/23] Pelaw Inn(11) v Birtley B(2) @ Pelaw Inn
